
*** Running vivado
    with args -log TL.vds -m64 -product Vivado -mode batch -messageDb vivado.pb -notrace -source TL.tcl


ECHO is off.
ECHO is off.

****** Vivado v2023.1 (64-bit)
  **** SW Build 3865809 on Sun May  7 15:05:29 MDT 2023
  **** IP Build 3864474 on Sun May  7 20:36:21 MDT 2023
  **** SharedData Build 3865790 on Sun May 07 13:33:03 MDT 2023
    ** Copyright 1986-2022 Xilinx, Inc. All Rights Reserved.
    ** Copyright 2022-2023 Advanced Micro Devices, Inc. All Rights Reserved.

source TL.tcl -notrace
create_project: Time (s): cpu = 00:00:06 ; elapsed = 00:00:19 . Memory (MB): peak = 430.133 ; gain = 164.152
Command: read_checkpoint -auto_incremental -incremental C:/git/digital-circuits-desighs-workspace/Vivado/projectSemester/projectSemester.srcs/utils_1/imports/synth_1/SIPO_shift_reg.dcp
INFO: [Vivado 12-5825] Read reference checkpoint from C:/git/digital-circuits-desighs-workspace/Vivado/projectSemester/projectSemester.srcs/utils_1/imports/synth_1/SIPO_shift_reg.dcp for incremental synthesis
INFO: [Vivado 12-7989] Please ensure there are no constraint changes
Command: synth_design -top TL -part xc7z020clg484-1
Starting synth_design
Attempting to get a license for feature 'Synthesis' and/or device 'xc7z020'
INFO: [Common 17-349] Got license for feature 'Synthesis' and/or device 'xc7z020'
INFO: [Device 21-403] Loading part xc7z020clg484-1
INFO: [Designutils 20-5440] No compile time benefit to using incremental synthesis; A full resynthesis will be run
INFO: [Designutils 20-4379] Flow is switching to default flow due to incremental criteria not met. If you would like to alter this behaviour and have the flow terminate instead, please set the following parameter config_implementation {autoIncr.Synth.RejectBehavior Terminate}
INFO: [Synth 8-7079] Multithreading enabled for synth_design using a maximum of 2 processes.
INFO: [Synth 8-7078] Launching helper process for spawning children vivado processes
INFO: [Synth 8-7075] Helper process launched with PID 24068
---------------------------------------------------------------------------------
Starting RTL Elaboration : Time (s): cpu = 00:00:06 ; elapsed = 00:00:10 . Memory (MB): peak = 1288.023 ; gain = 410.367
---------------------------------------------------------------------------------
INFO: [Synth 8-638] synthesizing module 'TL' [C:/git/digital-circuits-desighs-workspace/ModelSim/projectSemester/src/TL.vhdl:19]
INFO: [Synth 8-3491] module 'SIPO_shift_reg' declared at 'C:/git/digital-circuits-desighs-workspace/ModelSim/projectSemester/src/SIPO_shift_reg.vhdl:6' bound to instance 'comp1' of component 'SIPO_shift_reg' [C:/git/digital-circuits-desighs-workspace/ModelSim/projectSemester/src/TL.vhdl:79]
INFO: [Synth 8-638] synthesizing module 'SIPO_shift_reg' [C:/git/digital-circuits-desighs-workspace/ModelSim/projectSemester/src/SIPO_shift_reg.vhdl:18]
INFO: [Synth 8-3491] module 'DFF' declared at 'C:/git/digital-circuits-desighs-workspace/ModelSim/projectSemester/src/DFF.vhdl:4' bound to instance 'SIPO_reg' of component 'DFF' [C:/git/digital-circuits-desighs-workspace/ModelSim/projectSemester/src/SIPO_shift_reg.vhdl:43]
INFO: [Synth 8-638] synthesizing module 'DFF' [C:/git/digital-circuits-desighs-workspace/ModelSim/projectSemester/src/DFF.vhdl:14]
INFO: [Synth 8-256] done synthesizing module 'DFF' (0#1) [C:/git/digital-circuits-desighs-workspace/ModelSim/projectSemester/src/DFF.vhdl:14]
INFO: [Synth 8-3491] module 'DFF' declared at 'C:/git/digital-circuits-desighs-workspace/ModelSim/projectSemester/src/DFF.vhdl:4' bound to instance 'memory_reg' of component 'DFF' [C:/git/digital-circuits-desighs-workspace/ModelSim/projectSemester/src/SIPO_shift_reg.vhdl:49]
INFO: [Synth 8-3491] module 'DFF' declared at 'C:/git/digital-circuits-desighs-workspace/ModelSim/projectSemester/src/DFF.vhdl:4' bound to instance 'SIPO_reg' of component 'DFF' [C:/git/digital-circuits-desighs-workspace/ModelSim/projectSemester/src/SIPO_shift_reg.vhdl:43]
INFO: [Synth 8-3491] module 'DFF' declared at 'C:/git/digital-circuits-desighs-workspace/ModelSim/projectSemester/src/DFF.vhdl:4' bound to instance 'memory_reg' of component 'DFF' [C:/git/digital-circuits-desighs-workspace/ModelSim/projectSemester/src/SIPO_shift_reg.vhdl:49]
INFO: [Synth 8-3491] module 'DFF' declared at 'C:/git/digital-circuits-desighs-workspace/ModelSim/projectSemester/src/DFF.vhdl:4' bound to instance 'SIPO_reg' of component 'DFF' [C:/git/digital-circuits-desighs-workspace/ModelSim/projectSemester/src/SIPO_shift_reg.vhdl:43]
INFO: [Synth 8-3491] module 'DFF' declared at 'C:/git/digital-circuits-desighs-workspace/ModelSim/projectSemester/src/DFF.vhdl:4' bound to instance 'memory_reg' of component 'DFF' [C:/git/digital-circuits-desighs-workspace/ModelSim/projectSemester/src/SIPO_shift_reg.vhdl:49]
INFO: [Synth 8-3491] module 'DFF' declared at 'C:/git/digital-circuits-desighs-workspace/ModelSim/projectSemester/src/DFF.vhdl:4' bound to instance 'SIPO_reg' of component 'DFF' [C:/git/digital-circuits-desighs-workspace/ModelSim/projectSemester/src/SIPO_shift_reg.vhdl:43]
INFO: [Synth 8-3491] module 'DFF' declared at 'C:/git/digital-circuits-desighs-workspace/ModelSim/projectSemester/src/DFF.vhdl:4' bound to instance 'memory_reg' of component 'DFF' [C:/git/digital-circuits-desighs-workspace/ModelSim/projectSemester/src/SIPO_shift_reg.vhdl:49]
INFO: [Synth 8-3491] module 'DFF' declared at 'C:/git/digital-circuits-desighs-workspace/ModelSim/projectSemester/src/DFF.vhdl:4' bound to instance 'SIPO_reg' of component 'DFF' [C:/git/digital-circuits-desighs-workspace/ModelSim/projectSemester/src/SIPO_shift_reg.vhdl:43]
INFO: [Synth 8-3491] module 'DFF' declared at 'C:/git/digital-circuits-desighs-workspace/ModelSim/projectSemester/src/DFF.vhdl:4' bound to instance 'memory_reg' of component 'DFF' [C:/git/digital-circuits-desighs-workspace/ModelSim/projectSemester/src/SIPO_shift_reg.vhdl:49]
INFO: [Synth 8-3491] module 'DFF' declared at 'C:/git/digital-circuits-desighs-workspace/ModelSim/projectSemester/src/DFF.vhdl:4' bound to instance 'SIPO_reg' of component 'DFF' [C:/git/digital-circuits-desighs-workspace/ModelSim/projectSemester/src/SIPO_shift_reg.vhdl:43]
INFO: [Synth 8-3491] module 'DFF' declared at 'C:/git/digital-circuits-desighs-workspace/ModelSim/projectSemester/src/DFF.vhdl:4' bound to instance 'memory_reg' of component 'DFF' [C:/git/digital-circuits-desighs-workspace/ModelSim/projectSemester/src/SIPO_shift_reg.vhdl:49]
INFO: [Synth 8-3491] module 'DFF' declared at 'C:/git/digital-circuits-desighs-workspace/ModelSim/projectSemester/src/DFF.vhdl:4' bound to instance 'SIPO_reg' of component 'DFF' [C:/git/digital-circuits-desighs-workspace/ModelSim/projectSemester/src/SIPO_shift_reg.vhdl:43]
INFO: [Synth 8-3491] module 'DFF' declared at 'C:/git/digital-circuits-desighs-workspace/ModelSim/projectSemester/src/DFF.vhdl:4' bound to instance 'memory_reg' of component 'DFF' [C:/git/digital-circuits-desighs-workspace/ModelSim/projectSemester/src/SIPO_shift_reg.vhdl:49]
INFO: [Synth 8-3491] module 'DFF' declared at 'C:/git/digital-circuits-desighs-workspace/ModelSim/projectSemester/src/DFF.vhdl:4' bound to instance 'SIPO_reg' of component 'DFF' [C:/git/digital-circuits-desighs-workspace/ModelSim/projectSemester/src/SIPO_shift_reg.vhdl:43]
INFO: [Synth 8-3491] module 'DFF' declared at 'C:/git/digital-circuits-desighs-workspace/ModelSim/projectSemester/src/DFF.vhdl:4' bound to instance 'memory_reg' of component 'DFF' [C:/git/digital-circuits-desighs-workspace/ModelSim/projectSemester/src/SIPO_shift_reg.vhdl:49]
INFO: [Synth 8-256] done synthesizing module 'SIPO_shift_reg' (0#1) [C:/git/digital-circuits-desighs-workspace/ModelSim/projectSemester/src/SIPO_shift_reg.vhdl:18]
INFO: [Synth 8-3491] module 'PISO_shift_reg' declared at 'C:/git/digital-circuits-desighs-workspace/ModelSim/projectSemester/src/PISO_shift_reg.vhdl:6' bound to instance 'comp2' of component 'PISO_shift_reg' [C:/git/digital-circuits-desighs-workspace/ModelSim/projectSemester/src/TL.vhdl:90]
INFO: [Synth 8-638] synthesizing module 'PISO_shift_reg' [C:/git/digital-circuits-desighs-workspace/ModelSim/projectSemester/src/PISO_shift_reg.vhdl:18]
INFO: [Synth 8-3491] module 'MUX' declared at 'C:/git/digital-circuits-desighs-workspace/ModelSim/projectSemester/src/MUX.vhdl:4' bound to instance 'mux_reg' of component 'MUX' [C:/git/digital-circuits-desighs-workspace/ModelSim/projectSemester/src/PISO_shift_reg.vhdl:55]
INFO: [Synth 8-638] synthesizing module 'MUX' [C:/git/digital-circuits-desighs-workspace/ModelSim/projectSemester/src/MUX.vhdl:13]
INFO: [Synth 8-256] done synthesizing module 'MUX' (0#1) [C:/git/digital-circuits-desighs-workspace/ModelSim/projectSemester/src/MUX.vhdl:13]
INFO: [Synth 8-3491] module 'DFF' declared at 'C:/git/digital-circuits-desighs-workspace/ModelSim/projectSemester/src/DFF.vhdl:4' bound to instance 'PISO_reg' of component 'DFF' [C:/git/digital-circuits-desighs-workspace/ModelSim/projectSemester/src/PISO_shift_reg.vhdl:61]
INFO: [Synth 8-3491] module 'MUX' declared at 'C:/git/digital-circuits-desighs-workspace/ModelSim/projectSemester/src/MUX.vhdl:4' bound to instance 'mux_reg' of component 'MUX' [C:/git/digital-circuits-desighs-workspace/ModelSim/projectSemester/src/PISO_shift_reg.vhdl:55]
INFO: [Synth 8-3491] module 'DFF' declared at 'C:/git/digital-circuits-desighs-workspace/ModelSim/projectSemester/src/DFF.vhdl:4' bound to instance 'PISO_reg' of component 'DFF' [C:/git/digital-circuits-desighs-workspace/ModelSim/projectSemester/src/PISO_shift_reg.vhdl:61]
INFO: [Synth 8-3491] module 'MUX' declared at 'C:/git/digital-circuits-desighs-workspace/ModelSim/projectSemester/src/MUX.vhdl:4' bound to instance 'mux_reg' of component 'MUX' [C:/git/digital-circuits-desighs-workspace/ModelSim/projectSemester/src/PISO_shift_reg.vhdl:55]
INFO: [Synth 8-3491] module 'DFF' declared at 'C:/git/digital-circuits-desighs-workspace/ModelSim/projectSemester/src/DFF.vhdl:4' bound to instance 'PISO_reg' of component 'DFF' [C:/git/digital-circuits-desighs-workspace/ModelSim/projectSemester/src/PISO_shift_reg.vhdl:61]
INFO: [Synth 8-3491] module 'MUX' declared at 'C:/git/digital-circuits-desighs-workspace/ModelSim/projectSemester/src/MUX.vhdl:4' bound to instance 'mux_reg' of component 'MUX' [C:/git/digital-circuits-desighs-workspace/ModelSim/projectSemester/src/PISO_shift_reg.vhdl:55]
INFO: [Synth 8-3491] module 'DFF' declared at 'C:/git/digital-circuits-desighs-workspace/ModelSim/projectSemester/src/DFF.vhdl:4' bound to instance 'PISO_reg' of component 'DFF' [C:/git/digital-circuits-desighs-workspace/ModelSim/projectSemester/src/PISO_shift_reg.vhdl:61]
INFO: [Synth 8-3491] module 'MUX' declared at 'C:/git/digital-circuits-desighs-workspace/ModelSim/projectSemester/src/MUX.vhdl:4' bound to instance 'mux_reg' of component 'MUX' [C:/git/digital-circuits-desighs-workspace/ModelSim/projectSemester/src/PISO_shift_reg.vhdl:55]
INFO: [Synth 8-3491] module 'DFF' declared at 'C:/git/digital-circuits-desighs-workspace/ModelSim/projectSemester/src/DFF.vhdl:4' bound to instance 'PISO_reg' of component 'DFF' [C:/git/digital-circuits-desighs-workspace/ModelSim/projectSemester/src/PISO_shift_reg.vhdl:61]
INFO: [Synth 8-3491] module 'MUX' declared at 'C:/git/digital-circuits-desighs-workspace/ModelSim/projectSemester/src/MUX.vhdl:4' bound to instance 'mux_reg' of component 'MUX' [C:/git/digital-circuits-desighs-workspace/ModelSim/projectSemester/src/PISO_shift_reg.vhdl:55]
INFO: [Synth 8-3491] module 'DFF' declared at 'C:/git/digital-circuits-desighs-workspace/ModelSim/projectSemester/src/DFF.vhdl:4' bound to instance 'PISO_reg' of component 'DFF' [C:/git/digital-circuits-desighs-workspace/ModelSim/projectSemester/src/PISO_shift_reg.vhdl:61]
INFO: [Synth 8-3491] module 'MUX' declared at 'C:/git/digital-circuits-desighs-workspace/ModelSim/projectSemester/src/MUX.vhdl:4' bound to instance 'mux_reg' of component 'MUX' [C:/git/digital-circuits-desighs-workspace/ModelSim/projectSemester/src/PISO_shift_reg.vhdl:55]
INFO: [Synth 8-3491] module 'DFF' declared at 'C:/git/digital-circuits-desighs-workspace/ModelSim/projectSemester/src/DFF.vhdl:4' bound to instance 'PISO_reg' of component 'DFF' [C:/git/digital-circuits-desighs-workspace/ModelSim/projectSemester/src/PISO_shift_reg.vhdl:61]
INFO: [Synth 8-3491] module 'MUX' declared at 'C:/git/digital-circuits-desighs-workspace/ModelSim/projectSemester/src/MUX.vhdl:4' bound to instance 'mux_reg' of component 'MUX' [C:/git/digital-circuits-desighs-workspace/ModelSim/projectSemester/src/PISO_shift_reg.vhdl:55]
INFO: [Synth 8-3491] module 'DFF' declared at 'C:/git/digital-circuits-desighs-workspace/ModelSim/projectSemester/src/DFF.vhdl:4' bound to instance 'PISO_reg' of component 'DFF' [C:/git/digital-circuits-desighs-workspace/ModelSim/projectSemester/src/PISO_shift_reg.vhdl:61]
INFO: [Synth 8-256] done synthesizing module 'PISO_shift_reg' (0#1) [C:/git/digital-circuits-desighs-workspace/ModelSim/projectSemester/src/PISO_shift_reg.vhdl:18]
INFO: [Synth 8-3491] module 'data_flow' declared at 'C:/git/digital-circuits-desighs-workspace/ModelSim/projectSemester/src/data_flow.vhdl:5' bound to instance 'comp3' of component 'data_flow' [C:/git/digital-circuits-desighs-workspace/ModelSim/projectSemester/src/TL.vhdl:101]
INFO: [Synth 8-638] synthesizing module 'data_flow' [C:/git/digital-circuits-desighs-workspace/ModelSim/projectSemester/src/data_flow.vhdl:16]
INFO: [Synth 8-256] done synthesizing module 'data_flow' (0#1) [C:/git/digital-circuits-desighs-workspace/ModelSim/projectSemester/src/data_flow.vhdl:16]
INFO: [Synth 8-3491] module 'Int_PLL' declared at 'C:/git/digital-circuits-desighs-workspace/Vivado/projectSemester/projectSemester.runs/synth_1/.Xil/Vivado-10720-LAPTOP-CJ972H0K/realtime/Int_PLL_stub.vhdl:6' bound to instance 'comp4' of component 'Int_PLL' [C:/git/digital-circuits-desighs-workspace/ModelSim/projectSemester/src/TL.vhdl:112]
INFO: [Synth 8-638] synthesizing module 'Int_PLL' [C:/git/digital-circuits-desighs-workspace/Vivado/projectSemester/projectSemester.runs/synth_1/.Xil/Vivado-10720-LAPTOP-CJ972H0K/realtime/Int_PLL_stub.vhdl:17]
INFO: [Synth 8-256] done synthesizing module 'TL' (0#1) [C:/git/digital-circuits-desighs-workspace/ModelSim/projectSemester/src/TL.vhdl:19]
WARNING: [Synth 8-7129] Port ser_i in module TL is either unconnected or has no load
---------------------------------------------------------------------------------
Finished RTL Elaboration : Time (s): cpu = 00:00:08 ; elapsed = 00:00:13 . Memory (MB): peak = 1379.543 ; gain = 501.887
---------------------------------------------------------------------------------
---------------------------------------------------------------------------------
Start Handling Custom Attributes
---------------------------------------------------------------------------------
---------------------------------------------------------------------------------
Finished Handling Custom Attributes : Time (s): cpu = 00:00:08 ; elapsed = 00:00:14 . Memory (MB): peak = 1379.543 ; gain = 501.887
---------------------------------------------------------------------------------
---------------------------------------------------------------------------------
Finished RTL Optimization Phase 1 : Time (s): cpu = 00:00:08 ; elapsed = 00:00:14 . Memory (MB): peak = 1379.543 ; gain = 501.887
---------------------------------------------------------------------------------
Netlist sorting complete. Time (s): cpu = 00:00:00 ; elapsed = 00:00:00.002 . Memory (MB): peak = 1379.543 ; gain = 0.000
INFO: [Project 1-570] Preparing netlist for logic optimization

Processing XDC Constraints
Initializing timing engine
Parsing XDC File [c:/git/digital-circuits-desighs-workspace/Vivado/projectSemester/projectSemester.gen/sources_1/ip/Int_PLL/Int_PLL/Int_PLL_in_context.xdc] for cell 'comp4'
Finished Parsing XDC File [c:/git/digital-circuits-desighs-workspace/Vivado/projectSemester/projectSemester.gen/sources_1/ip/Int_PLL/Int_PLL/Int_PLL_in_context.xdc] for cell 'comp4'
Completed Processing XDC Constraints

Netlist sorting complete. Time (s): cpu = 00:00:00 ; elapsed = 00:00:00.001 . Memory (MB): peak = 1464.816 ; gain = 0.000
INFO: [Project 1-111] Unisim Transformation Summary:
No Unisim elements were transformed.

Constraint Validation Runtime : Time (s): cpu = 00:00:00 ; elapsed = 00:00:00.009 . Memory (MB): peak = 1464.816 ; gain = 0.000
INFO: [Designutils 20-5440] No compile time benefit to using incremental synthesis; A full resynthesis will be run
INFO: [Designutils 20-4379] Flow is switching to default flow due to incremental criteria not met. If you would like to alter this behaviour and have the flow terminate instead, please set the following parameter config_implementation {autoIncr.Synth.RejectBehavior Terminate}
---------------------------------------------------------------------------------
Finished Constraint Validation : Time (s): cpu = 00:00:15 ; elapsed = 00:00:28 . Memory (MB): peak = 1464.816 ; gain = 587.160
---------------------------------------------------------------------------------
---------------------------------------------------------------------------------
Start Loading Part and Timing Information
---------------------------------------------------------------------------------
Loading part: xc7z020clg484-1
---------------------------------------------------------------------------------
Finished Loading Part and Timing Information : Time (s): cpu = 00:00:15 ; elapsed = 00:00:28 . Memory (MB): peak = 1464.816 ; gain = 587.160
---------------------------------------------------------------------------------
---------------------------------------------------------------------------------
Start Applying 'set_property' XDC Constraints
---------------------------------------------------------------------------------
Applied set_property IO_BUFFER_TYPE = NONE for clk_i. (constraint file  c:/git/digital-circuits-desighs-workspace/Vivado/projectSemester/projectSemester.gen/sources_1/ip/Int_PLL/Int_PLL/Int_PLL_in_context.xdc, line 4).
Applied set_property CLOCK_BUFFER_TYPE = NONE for clk_i. (constraint file  c:/git/digital-circuits-desighs-workspace/Vivado/projectSemester/projectSemester.gen/sources_1/ip/Int_PLL/Int_PLL/Int_PLL_in_context.xdc, line 5).
Applied set_property KEEP_HIERARCHY = SOFT for comp4. (constraint file  auto generated constraint).
---------------------------------------------------------------------------------
Finished applying 'set_property' XDC Constraints : Time (s): cpu = 00:00:15 ; elapsed = 00:00:28 . Memory (MB): peak = 1464.816 ; gain = 587.160
---------------------------------------------------------------------------------
---------------------------------------------------------------------------------
Finished RTL Optimization Phase 2 : Time (s): cpu = 00:00:16 ; elapsed = 00:00:28 . Memory (MB): peak = 1464.816 ; gain = 587.160
---------------------------------------------------------------------------------
---------------------------------------------------------------------------------
Start RTL Component Statistics 
---------------------------------------------------------------------------------
Detailed RTL Component Info : 
+---Adders : 
	   2 Input   32 Bit       Adders := 1     
+---Registers : 
	                1 Bit    Registers := 49    
+---Muxes : 
	   2 Input    1 Bit        Muxes := 8     
---------------------------------------------------------------------------------
Finished RTL Component Statistics 
---------------------------------------------------------------------------------
---------------------------------------------------------------------------------
Start Part Resource Summary
---------------------------------------------------------------------------------
Part Resources:
DSPs: 220 (col length:60)
BRAMs: 280 (col length: RAMB18 60 RAMB36 30)
---------------------------------------------------------------------------------
Finished Part Resource Summary
---------------------------------------------------------------------------------
---------------------------------------------------------------------------------
Start Cross Boundary and Area Optimization
---------------------------------------------------------------------------------
WARNING: [Synth 8-7080] Parallel synthesis criteria is not met
WARNING: [Synth 8-7129] Port ser_i in module TL is either unconnected or has no load
---------------------------------------------------------------------------------
Finished Cross Boundary and Area Optimization : Time (s): cpu = 00:00:17 ; elapsed = 00:00:32 . Memory (MB): peak = 1464.816 ; gain = 587.160
---------------------------------------------------------------------------------
---------------------------------------------------------------------------------
Start Applying XDC Timing Constraints
---------------------------------------------------------------------------------
---------------------------------------------------------------------------------
Finished Applying XDC Timing Constraints : Time (s): cpu = 00:00:22 ; elapsed = 00:00:41 . Memory (MB): peak = 1464.816 ; gain = 587.160
---------------------------------------------------------------------------------
---------------------------------------------------------------------------------
Start Timing Optimization
---------------------------------------------------------------------------------
---------------------------------------------------------------------------------
Finished Timing Optimization : Time (s): cpu = 00:00:22 ; elapsed = 00:00:41 . Memory (MB): peak = 1464.816 ; gain = 587.160
---------------------------------------------------------------------------------
---------------------------------------------------------------------------------
Start Technology Mapping
---------------------------------------------------------------------------------
---------------------------------------------------------------------------------
Finished Technology Mapping : Time (s): cpu = 00:00:22 ; elapsed = 00:00:42 . Memory (MB): peak = 1464.816 ; gain = 587.160
---------------------------------------------------------------------------------
---------------------------------------------------------------------------------
Start IO Insertion
---------------------------------------------------------------------------------
---------------------------------------------------------------------------------
Start Flattening Before IO Insertion
---------------------------------------------------------------------------------
---------------------------------------------------------------------------------
Finished Flattening Before IO Insertion
---------------------------------------------------------------------------------
---------------------------------------------------------------------------------
Start Final Netlist Cleanup
---------------------------------------------------------------------------------
---------------------------------------------------------------------------------
Finished Final Netlist Cleanup
---------------------------------------------------------------------------------
---------------------------------------------------------------------------------
Finished IO Insertion : Time (s): cpu = 00:00:26 ; elapsed = 00:00:50 . Memory (MB): peak = 1464.816 ; gain = 587.160
---------------------------------------------------------------------------------
---------------------------------------------------------------------------------
Start Renaming Generated Instances
---------------------------------------------------------------------------------
---------------------------------------------------------------------------------
Finished Renaming Generated Instances : Time (s): cpu = 00:00:26 ; elapsed = 00:00:50 . Memory (MB): peak = 1464.816 ; gain = 587.160
---------------------------------------------------------------------------------
---------------------------------------------------------------------------------
Start Rebuilding User Hierarchy
---------------------------------------------------------------------------------
---------------------------------------------------------------------------------
Finished Rebuilding User Hierarchy : Time (s): cpu = 00:00:26 ; elapsed = 00:00:50 . Memory (MB): peak = 1464.816 ; gain = 587.160
---------------------------------------------------------------------------------
---------------------------------------------------------------------------------
Start Renaming Generated Ports
---------------------------------------------------------------------------------
---------------------------------------------------------------------------------
Finished Renaming Generated Ports : Time (s): cpu = 00:00:26 ; elapsed = 00:00:50 . Memory (MB): peak = 1464.816 ; gain = 587.160
---------------------------------------------------------------------------------
---------------------------------------------------------------------------------
Start Handling Custom Attributes
---------------------------------------------------------------------------------
---------------------------------------------------------------------------------
Finished Handling Custom Attributes : Time (s): cpu = 00:00:26 ; elapsed = 00:00:50 . Memory (MB): peak = 1464.816 ; gain = 587.160
---------------------------------------------------------------------------------
---------------------------------------------------------------------------------
Start Renaming Generated Nets
---------------------------------------------------------------------------------
---------------------------------------------------------------------------------
Finished Renaming Generated Nets : Time (s): cpu = 00:00:26 ; elapsed = 00:00:50 . Memory (MB): peak = 1464.816 ; gain = 587.160
---------------------------------------------------------------------------------
---------------------------------------------------------------------------------
Start Writing Synthesis Report
---------------------------------------------------------------------------------

Report BlackBoxes: 
+------+--------------+----------+
|      |BlackBox name |Instances |
+------+--------------+----------+
|1     |Int_PLL       |         1|
+------+--------------+----------+

Report Cell Usage: 
+------+-------------+------+
|      |Cell         |Count |
+------+-------------+------+
|1     |Int_PLL_bbox |     1|
|2     |BUFG         |     1|
|3     |CARRY4       |    20|
|4     |LUT1         |     1|
|5     |LUT2         |    68|
|6     |LUT3         |     1|
|7     |LUT4         |     7|
|8     |FDCE         |    56|
|9     |FDPE         |     1|
|10    |IBUF         |    10|
|11    |OBUF         |    10|
+------+-------------+------+
---------------------------------------------------------------------------------
Finished Writing Synthesis Report : Time (s): cpu = 00:00:26 ; elapsed = 00:00:50 . Memory (MB): peak = 1464.816 ; gain = 587.160
---------------------------------------------------------------------------------
Synthesis finished with 0 errors, 0 critical warnings and 2 warnings.
Synthesis Optimization Runtime : Time (s): cpu = 00:00:16 ; elapsed = 00:00:46 . Memory (MB): peak = 1464.816 ; gain = 501.887
Synthesis Optimization Complete : Time (s): cpu = 00:00:26 ; elapsed = 00:00:50 . Memory (MB): peak = 1464.816 ; gain = 587.160
INFO: [Project 1-571] Translating synthesized netlist
Netlist sorting complete. Time (s): cpu = 00:00:00 ; elapsed = 00:00:00.003 . Memory (MB): peak = 1464.816 ; gain = 0.000
INFO: [Netlist 29-17] Analyzing 20 Unisim elements for replacement
INFO: [Netlist 29-28] Unisim Transformation completed in 0 CPU seconds
INFO: [Project 1-570] Preparing netlist for logic optimization
INFO: [Opt 31-138] Pushed 0 inverter(s) to 0 load pin(s).
Netlist sorting complete. Time (s): cpu = 00:00:00 ; elapsed = 00:00:00 . Memory (MB): peak = 1464.816 ; gain = 0.000
INFO: [Project 1-111] Unisim Transformation Summary:
No Unisim elements were transformed.

Synth Design complete | Checksum: a990bbe3
INFO: [Common 17-83] Releasing license: Synthesis
69 Infos, 3 Warnings, 0 Critical Warnings and 0 Errors encountered.
synth_design completed successfully
synth_design: Time (s): cpu = 00:00:31 ; elapsed = 00:01:02 . Memory (MB): peak = 1464.816 ; gain = 996.621
INFO: [Common 17-1381] The checkpoint 'C:/git/digital-circuits-desighs-workspace/Vivado/projectSemester/projectSemester.runs/synth_1/TL.dcp' has been generated.
INFO: [runtcl-4] Executing : report_utilization -file TL_utilization_synth.rpt -pb TL_utilization_synth.pb
INFO: [Common 17-206] Exiting Vivado at Fri Jan 12 15:34:46 2024...
